2017-11-06 17:13:05.507  INFO 14104 --- [main] s.c.a.AnnotationConfigApplicationContext : Refreshing org.springframework.context.annotation.AnnotationConfigApplicationContext@52066604: startup date [Mon Nov 06 17:13:05 CST 2017]; root of context hierarchy
2017-11-06 17:13:05.860  INFO 14104 --- [main] f.a.AutowiredAnnotationBeanPostProcessor : JSR-330 'javax.inject.Inject' annotation found and supported for autowiring
2017-11-06 17:13:05.925  INFO 14104 --- [main] trationDelegate$BeanPostProcessorChecker : Bean 'configurationPropertiesRebinderAutoConfiguration' of type [org.springframework.cloud.autoconfigure.ConfigurationPropertiesRebinderAutoConfiguration$$EnhancerBySpringCGLIB$$79fb5528] is not eligible for getting processed by all BeanPostProcessors (for example: not eligible for auto-proxying)
2017-11-06 17:13:06.731  INFO 14104 --- [main] c.c.c.ConfigServicePropertySourceLocator : Fetching config from server at: http://localhost:8888/
2017-11-06 17:13:08.318  WARN 14104 --- [main] c.c.c.ConfigServicePropertySourceLocator : Could not locate PropertySource: I/O error on GET request for "http://localhost:8888/admin-api/dev/master": Connection refused: connect; nested exception is java.net.ConnectException: Connection refused: connect
2017-11-06 17:13:08.320  INFO 14104 --- [main] org.ice.backend.bkapi.BkApiApplication   : No active profile set, falling back to default profiles: default
2017-11-06 17:13:08.341  INFO 14104 --- [main] ationConfigEmbeddedWebApplicationContext : Refreshing org.springframework.boot.context.embedded.AnnotationConfigEmbeddedWebApplicationContext@353efdbf: startup date [Mon Nov 06 17:13:08 CST 2017]; parent: org.springframework.context.annotation.AnnotationConfigApplicationContext@52066604
2017-11-06 17:13:09.141  INFO 14104 --- [main] o.s.cloud.context.scope.GenericScope     : BeanFactory id=3c5d4358-5bd4-3dca-8db5-6eb01369df6b
2017-11-06 17:13:09.175  INFO 14104 --- [main] f.a.AutowiredAnnotationBeanPostProcessor : JSR-330 'javax.inject.Inject' annotation found and supported for autowiring
2017-11-06 17:13:09.328  INFO 14104 --- [main] trationDelegate$BeanPostProcessorChecker : Bean 'org.springframework.transaction.annotation.ProxyTransactionManagementConfiguration' of type [org.springframework.transaction.annotation.ProxyTransactionManagementConfiguration$$EnhancerBySpringCGLIB$$5de1522b] is not eligible for getting processed by all BeanPostProcessors (for example: not eligible for auto-proxying)
2017-11-06 17:13:09.359  INFO 14104 --- [main] trationDelegate$BeanPostProcessorChecker : Bean 'org.springframework.cloud.autoconfigure.ConfigurationPropertiesRebinderAutoConfiguration' of type [org.springframework.cloud.autoconfigure.ConfigurationPropertiesRebinderAutoConfiguration$$EnhancerBySpringCGLIB$$79fb5528] is not eligible for getting processed by all BeanPostProcessors (for example: not eligible for auto-proxying)
2017-11-06 17:13:09.661  INFO 14104 --- [main] s.b.c.e.t.TomcatEmbeddedServletContainer : Tomcat initialized with port(s): 8080 (http)
2017-11-06 17:13:09.673  INFO 14104 --- [main] o.apache.catalina.core.StandardService   : Starting service [Tomcat]
2017-11-06 17:13:09.675  INFO 14104 --- [main] org.apache.catalina.core.StandardEngine  : Starting Servlet Engine: Apache Tomcat/8.5.23
2017-11-06 17:13:09.845  INFO 14104 --- [localhost-startStop-1] o.a.c.c.C.[Tomcat].[localhost].[/api/j]  : Initializing Spring embedded WebApplicationContext
2017-11-06 17:13:09.846  INFO 14104 --- [localhost-startStop-1] o.s.web.context.ContextLoader            : Root WebApplicationContext: initialization completed in 1505 ms
2017-11-06 17:13:10.072  INFO 14104 --- [localhost-startStop-1] o.s.b.w.servlet.ServletRegistrationBean  : Mapping servlet: 'dispatcherServlet' to [/]
2017-11-06 17:13:10.086  INFO 14104 --- [localhost-startStop-1] o.s.b.w.servlet.FilterRegistrationBean   : Mapping filter: 'characterEncodingFilter' to: [/*]
2017-11-06 17:13:10.089  INFO 14104 --- [localhost-startStop-1] o.s.b.w.servlet.FilterRegistrationBean   : Mapping filter: 'hiddenHttpMethodFilter' to: [/*]
2017-11-06 17:13:10.092  INFO 14104 --- [localhost-startStop-1] o.s.b.w.servlet.FilterRegistrationBean   : Mapping filter: 'httpPutFormContentFilter' to: [/*]
2017-11-06 17:13:10.092  INFO 14104 --- [localhost-startStop-1] o.s.b.w.servlet.FilterRegistrationBean   : Mapping filter: 'requestContextFilter' to: [/*]
2017-11-06 17:13:10.169  WARN 14104 --- [main] ationConfigEmbeddedWebApplicationContext : Exception encountered during context initialization - cancelling refresh attempt: org.springframework.beans.factory.UnsatisfiedDependencyException: Error creating bean with name 'org.springframework.boot.autoconfigure.orm.jpa.HibernateJpaAutoConfiguration': Unsatisfied dependency expressed through constructor parameter 0; nested exception is org.springframework.beans.factory.BeanCreationException: Error creating bean with name 'dataSource' defined in class path resource [org/springframework/boot/autoconfigure/jdbc/DataSourceConfiguration$Tomcat.class]: Bean instantiation via factory method failed; nested exception is org.springframework.beans.BeanInstantiationException: Failed to instantiate [org.apache.tomcat.jdbc.pool.DataSource]: Factory method 'dataSource' threw exception; nested exception is org.springframework.boot.autoconfigure.jdbc.DataSourceProperties$DataSourceBeanCreationException: Cannot determine embedded database driver class for database type NONE. If you want an embedded database please put a supported one on the classpath. If you have database settings to be loaded from a particular profile you may need to active it (no profiles are currently active).
2017-11-06 17:13:10.170  INFO 14104 --- [main] o.apache.catalina.core.StandardService   : Stopping service [Tomcat]
2017-11-06 17:13:10.187  WARN 14104 --- [localhost-startStop-1] o.a.c.loader.WebappClassLoaderBase       : The web application [api#j] appears to have started a thread named [Abandoned connection cleanup thread] but has failed to stop it. This is very likely to create a memory leak. Stack trace of thread:
 java.lang.Object.wait(Native Method)
 java.lang.ref.ReferenceQueue.remove(ReferenceQueue.java:143)
 com.mysql.cj.jdbc.AbandonedConnectionCleanupThread.run(AbandonedConnectionCleanupThread.java:43)
2017-11-06 17:13:10.200  INFO 14104 --- [main] utoConfigurationReportLoggingInitializer : 

Error starting ApplicationContext. To display the auto-configuration report re-run your application with 'debug' enabled.
2017-11-06 17:13:10.206 ERROR 14104 --- [main] o.s.b.d.LoggingFailureAnalysisReporter   : 

***************************
APPLICATION FAILED TO START
***************************

Description:

Cannot determine embedded database driver class for database type NONE

Action:

If you want an embedded database please put a supported one on the classpath. If you have database settings to be loaded from a particular profile you may need to active it (no profiles are currently active).

2017-11-06 17:18:47.764  INFO 1224 --- [main] s.c.a.AnnotationConfigApplicationContext : Refreshing org.springframework.context.annotation.AnnotationConfigApplicationContext@36b4fe2a: startup date [Mon Nov 06 17:18:47 CST 2017]; root of context hierarchy
2017-11-06 17:18:47.996  INFO 1224 --- [main] f.a.AutowiredAnnotationBeanPostProcessor : JSR-330 'javax.inject.Inject' annotation found and supported for autowiring
2017-11-06 17:18:48.039  INFO 1224 --- [main] trationDelegate$BeanPostProcessorChecker : Bean 'configurationPropertiesRebinderAutoConfiguration' of type [org.springframework.cloud.autoconfigure.ConfigurationPropertiesRebinderAutoConfiguration$$EnhancerBySpringCGLIB$$ecc658fb] is not eligible for getting processed by all BeanPostProcessors (for example: not eligible for auto-proxying)
2017-11-06 17:18:48.667  INFO 1224 --- [main] c.c.c.ConfigServicePropertySourceLocator : Fetching config from server at: http://localhost:8888/
2017-11-06 17:18:50.074  INFO 1224 --- [main] c.c.c.ConfigServicePropertySourceLocator : Located environment: name=admin-api, profiles=[dev], label=master, version=3789018a10f6df8308e3d7c32e6072ef31973c3e, state=null
2017-11-06 17:18:50.075  INFO 1224 --- [main] b.c.PropertySourceBootstrapConfiguration : Located property source: CompositePropertySource [name='configService', propertySources=[MapPropertySource {name='configClient'}, MapPropertySource {name='https://github.com/iceqiw/SpringDEMO/config/admin-api-dev.yml'}]]
2017-11-06 17:18:50.118  INFO 1224 --- [main] org.ice.backend.bkapi.BkApiApplication   : No active profile set, falling back to default profiles: default
2017-11-06 17:18:50.126  INFO 1224 --- [main] ationConfigEmbeddedWebApplicationContext : Refreshing org.springframework.boot.context.embedded.AnnotationConfigEmbeddedWebApplicationContext@5dd91bca: startup date [Mon Nov 06 17:18:50 CST 2017]; parent: org.springframework.context.annotation.AnnotationConfigApplicationContext@36b4fe2a
2017-11-06 17:18:50.846  INFO 1224 --- [main] o.s.cloud.context.scope.GenericScope     : BeanFactory id=3c5d4358-5bd4-3dca-8db5-6eb01369df6b
2017-11-06 17:18:50.864  INFO 1224 --- [main] f.a.AutowiredAnnotationBeanPostProcessor : JSR-330 'javax.inject.Inject' annotation found and supported for autowiring
2017-11-06 17:18:50.952  INFO 1224 --- [main] trationDelegate$BeanPostProcessorChecker : Bean 'org.springframework.transaction.annotation.ProxyTransactionManagementConfiguration' of type [org.springframework.transaction.annotation.ProxyTransactionManagementConfiguration$$EnhancerBySpringCGLIB$$d0ac55fe] is not eligible for getting processed by all BeanPostProcessors (for example: not eligible for auto-proxying)
2017-11-06 17:18:50.977  INFO 1224 --- [main] trationDelegate$BeanPostProcessorChecker : Bean 'org.springframework.cloud.autoconfigure.ConfigurationPropertiesRebinderAutoConfiguration' of type [org.springframework.cloud.autoconfigure.ConfigurationPropertiesRebinderAutoConfiguration$$EnhancerBySpringCGLIB$$ecc658fb] is not eligible for getting processed by all BeanPostProcessors (for example: not eligible for auto-proxying)
2017-11-06 17:18:51.224  INFO 1224 --- [main] s.b.c.e.t.TomcatEmbeddedServletContainer : Tomcat initialized with port(s): 8080 (http)
2017-11-06 17:18:51.235  INFO 1224 --- [main] o.apache.catalina.core.StandardService   : Starting service [Tomcat]
2017-11-06 17:18:51.237  INFO 1224 --- [main] org.apache.catalina.core.StandardEngine  : Starting Servlet Engine: Apache Tomcat/8.5.23
2017-11-06 17:18:51.372  INFO 1224 --- [localhost-startStop-1] o.a.c.c.C.[Tomcat].[localhost].[/api/j]  : Initializing Spring embedded WebApplicationContext
2017-11-06 17:18:51.372  INFO 1224 --- [localhost-startStop-1] o.s.web.context.ContextLoader            : Root WebApplicationContext: initialization completed in 1246 ms
2017-11-06 17:18:51.523  INFO 1224 --- [localhost-startStop-1] o.s.b.w.servlet.ServletRegistrationBean  : Mapping servlet: 'dispatcherServlet' to [/]
2017-11-06 17:18:51.527  INFO 1224 --- [localhost-startStop-1] o.s.b.w.servlet.FilterRegistrationBean   : Mapping filter: 'characterEncodingFilter' to: [/*]
2017-11-06 17:18:51.528  INFO 1224 --- [localhost-startStop-1] o.s.b.w.servlet.FilterRegistrationBean   : Mapping filter: 'hiddenHttpMethodFilter' to: [/*]
2017-11-06 17:18:51.528  INFO 1224 --- [localhost-startStop-1] o.s.b.w.servlet.FilterRegistrationBean   : Mapping filter: 'httpPutFormContentFilter' to: [/*]
2017-11-06 17:18:51.528  INFO 1224 --- [localhost-startStop-1] o.s.b.w.servlet.FilterRegistrationBean   : Mapping filter: 'requestContextFilter' to: [/*]
2017-11-06 17:18:52.095  INFO 1224 --- [main] j.LocalContainerEntityManagerFactoryBean : Building JPA container EntityManagerFactory for persistence unit 'default'
2017-11-06 17:18:52.108  INFO 1224 --- [main] o.hibernate.jpa.internal.util.LogHelper  : HHH000204: Processing PersistenceUnitInfo [
	name: default
	...]
2017-11-06 17:18:52.220  INFO 1224 --- [main] org.hibernate.Version                    : HHH000412: Hibernate Core {5.0.12.Final}
2017-11-06 17:18:52.222  INFO 1224 --- [main] org.hibernate.cfg.Environment            : HHH000206: hibernate.properties not found
2017-11-06 17:18:52.223  INFO 1224 --- [main] org.hibernate.cfg.Environment            : HHH000021: Bytecode provider name : javassist
2017-11-06 17:18:52.295  INFO 1224 --- [main] o.hibernate.annotations.common.Version   : HCANN000001: Hibernate Commons Annotations {5.0.1.Final}
2017-11-06 17:18:52.557  INFO 1224 --- [main] org.hibernate.dialect.Dialect            : HHH000400: Using dialect: org.hibernate.dialect.MySQLDialect
2017-11-06 17:18:52.943  INFO 1224 --- [main] j.LocalContainerEntityManagerFactoryBean : Initialized JPA EntityManagerFactory for persistence unit 'default'
2017-11-06 17:18:53.168  INFO 1224 --- [main] o.h.h.i.QueryTranslatorFactoryInitiator  : HHH000397: Using ASTQueryTranslatorFactory
2017-11-06 17:18:53.793  WARN 1224 --- [main] c.n.c.sources.URLConfigurationSource     : No URLs will be polled as dynamic configuration sources.
2017-11-06 17:18:53.794  INFO 1224 --- [main] c.n.c.sources.URLConfigurationSource     : To enable URLs as dynamic configuration sources, define System property archaius.configurationSource.additionalUrls or make config.properties available on classpath.
2017-11-06 17:18:53.798  WARN 1224 --- [main] c.n.c.sources.URLConfigurationSource     : No URLs will be polled as dynamic configuration sources.
2017-11-06 17:18:53.799  INFO 1224 --- [main] c.n.c.sources.URLConfigurationSource     : To enable URLs as dynamic configuration sources, define System property archaius.configurationSource.additionalUrls or make config.properties available on classpath.
2017-11-06 17:18:54.018  INFO 1224 --- [main] s.w.s.m.m.a.RequestMappingHandlerAdapter : Looking for @ControllerAdvice: org.springframework.boot.context.embedded.AnnotationConfigEmbeddedWebApplicationContext@5dd91bca: startup date [Mon Nov 06 17:18:50 CST 2017]; parent: org.springframework.context.annotation.AnnotationConfigApplicationContext@36b4fe2a
2017-11-06 17:18:54.084  INFO 1224 --- [main] s.w.s.m.m.a.RequestMappingHandlerMapping : Mapped "{[/add],methods=[POST]}" onto public org.ice.server.api.common.apicommon.vo.ResponseMsg org.ice.backend.bkapi.service.TrainCfgServiceImpl.add(org.ice.server.api.common.apicommon.vo.TrainCfgVo)
2017-11-06 17:18:54.086  INFO 1224 --- [main] s.w.s.m.m.a.RequestMappingHandlerMapping : Mapped "{[/test],methods=[GET]}" onto public java.lang.String org.ice.backend.bkapi.service.TrainCfgServiceImpl.test()
2017-11-06 17:18:54.087  INFO 1224 --- [main] s.w.s.m.m.a.RequestMappingHandlerMapping : Mapped "{[/page],methods=[GET]}" onto public java.util.List<org.ice.server.api.common.apicommon.vo.TrainCfgVo> org.ice.backend.bkapi.service.TrainCfgServiceImpl.page()
2017-11-06 17:18:54.087  INFO 1224 --- [main] s.w.s.m.m.a.RequestMappingHandlerMapping : Mapped "{[/del/{id}],methods=[DELETE]}" onto public org.ice.server.api.common.apicommon.vo.ResponseMsg org.ice.backend.bkapi.service.TrainCfgServiceImpl.del(java.lang.Long)
2017-11-06 17:18:54.087  INFO 1224 --- [main] s.w.s.m.m.a.RequestMappingHandlerMapping : Mapped "{[/edit],methods=[PUT]}" onto public org.ice.server.api.common.apicommon.vo.ResponseMsg org.ice.backend.bkapi.service.TrainCfgServiceImpl.edit(org.ice.server.api.common.apicommon.vo.TrainCfgVo)
2017-11-06 17:18:54.088  INFO 1224 --- [main] s.w.s.m.m.a.RequestMappingHandlerMapping : Mapped "{[/getOne],methods=[GET]}" onto public org.ice.server.api.common.apicommon.vo.TrainCfgVo org.ice.backend.bkapi.service.TrainCfgServiceImpl.findById(java.lang.Long)
2017-11-06 17:18:54.091  INFO 1224 --- [main] s.w.s.m.m.a.RequestMappingHandlerMapping : Mapped "{[/error]}" onto public org.springframework.http.ResponseEntity<java.util.Map<java.lang.String, java.lang.Object>> org.springframework.boot.autoconfigure.web.BasicErrorController.error(javax.servlet.http.HttpServletRequest)
2017-11-06 17:18:54.091  INFO 1224 --- [main] s.w.s.m.m.a.RequestMappingHandlerMapping : Mapped "{[/error],produces=[text/html]}" onto public org.springframework.web.servlet.ModelAndView org.springframework.boot.autoconfigure.web.BasicErrorController.errorHtml(javax.servlet.http.HttpServletRequest,javax.servlet.http.HttpServletResponse)
2017-11-06 17:18:54.118  INFO 1224 --- [main] o.s.w.s.handler.SimpleUrlHandlerMapping  : Mapped URL path [/webjars/**] onto handler of type [class org.springframework.web.servlet.resource.ResourceHttpRequestHandler]
2017-11-06 17:18:54.118  INFO 1224 --- [main] o.s.w.s.handler.SimpleUrlHandlerMapping  : Mapped URL path [/**] onto handler of type [class org.springframework.web.servlet.resource.ResourceHttpRequestHandler]
2017-11-06 17:18:54.152  INFO 1224 --- [main] o.s.w.s.handler.SimpleUrlHandlerMapping  : Mapped URL path [/**/favicon.ico] onto handler of type [class org.springframework.web.servlet.resource.ResourceHttpRequestHandler]
2017-11-06 17:18:54.592  INFO 1224 --- [main] o.s.j.e.a.AnnotationMBeanExporter        : Registering beans for JMX exposure on startup
2017-11-06 17:18:54.600  INFO 1224 --- [main] o.s.j.e.a.AnnotationMBeanExporter        : Bean with name 'environmentManager' has been autodetected for JMX exposure
2017-11-06 17:18:54.603  INFO 1224 --- [main] o.s.j.e.a.AnnotationMBeanExporter        : Bean with name 'configurationPropertiesRebinder' has been autodetected for JMX exposure
2017-11-06 17:18:54.604  INFO 1224 --- [main] o.s.j.e.a.AnnotationMBeanExporter        : Bean with name 'refreshScope' has been autodetected for JMX exposure
2017-11-06 17:18:54.607  INFO 1224 --- [main] o.s.j.e.a.AnnotationMBeanExporter        : Located managed bean 'environmentManager': registering with JMX server as MBean [org.springframework.cloud.context.environment:name=environmentManager,type=EnvironmentManager]
2017-11-06 17:18:54.617  INFO 1224 --- [main] o.s.j.e.a.AnnotationMBeanExporter        : Located managed bean 'refreshScope': registering with JMX server as MBean [org.springframework.cloud.context.scope.refresh:name=refreshScope,type=RefreshScope]
2017-11-06 17:18:54.626  INFO 1224 --- [main] o.s.j.e.a.AnnotationMBeanExporter        : Located managed bean 'configurationPropertiesRebinder': registering with JMX server as MBean [org.springframework.cloud.context.properties:name=configurationPropertiesRebinder,context=5dd91bca,type=ConfigurationPropertiesRebinder]
2017-11-06 17:18:54.790  INFO 1224 --- [main] o.s.c.support.DefaultLifecycleProcessor  : Starting beans in phase 0
2017-11-06 17:18:54.796  INFO 1224 --- [main] o.s.c.n.eureka.InstanceInfoFactory       : Setting initial instance status as: STARTING
2017-11-06 17:18:54.835  INFO 1224 --- [main] com.netflix.discovery.DiscoveryClient    : Initializing Eureka in region us-east-1
2017-11-06 17:18:55.171  INFO 1224 --- [main] c.n.d.provider.DiscoveryJerseyProvider   : Using JSON encoding codec LegacyJacksonJson
2017-11-06 17:18:55.171  INFO 1224 --- [main] c.n.d.provider.DiscoveryJerseyProvider   : Using JSON decoding codec LegacyJacksonJson
2017-11-06 17:18:55.254  INFO 1224 --- [main] c.n.d.provider.DiscoveryJerseyProvider   : Using XML encoding codec XStreamXml
2017-11-06 17:18:55.255  INFO 1224 --- [main] c.n.d.provider.DiscoveryJerseyProvider   : Using XML decoding codec XStreamXml
2017-11-06 17:18:55.439  INFO 1224 --- [main] c.n.d.s.r.aws.ConfigClusterResolver      : Resolving eureka endpoints via configuration
2017-11-06 17:18:55.610  INFO 1224 --- [main] com.netflix.discovery.DiscoveryClient    : Disable delta property : false
2017-11-06 17:18:55.610  INFO 1224 --- [main] com.netflix.discovery.DiscoveryClient    : Single vip registry refresh property : null
2017-11-06 17:18:55.610  INFO 1224 --- [main] com.netflix.discovery.DiscoveryClient    : Force full registry fetch : false
2017-11-06 17:18:55.610  INFO 1224 --- [main] com.netflix.discovery.DiscoveryClient    : Application is null : false
2017-11-06 17:18:55.611  INFO 1224 --- [main] com.netflix.discovery.DiscoveryClient    : Registered Applications size is zero : true
2017-11-06 17:18:55.611  INFO 1224 --- [main] com.netflix.discovery.DiscoveryClient    : Application version is -1: true
2017-11-06 17:18:55.611  INFO 1224 --- [main] com.netflix.discovery.DiscoveryClient    : Getting all instance registry info from the eureka server
2017-11-06 17:18:55.714  INFO 1224 --- [main] com.netflix.discovery.DiscoveryClient    : The response status is 200
2017-11-06 17:18:55.716  INFO 1224 --- [main] com.netflix.discovery.DiscoveryClient    : Starting heartbeat executor: renew interval is: 30
2017-11-06 17:18:55.718  INFO 1224 --- [main] c.n.discovery.InstanceInfoReplicator     : InstanceInfoReplicator onDemand update allowed rate per min is 4
2017-11-06 17:18:55.722  INFO 1224 --- [main] com.netflix.discovery.DiscoveryClient    : Discovery Client initialized at timestamp 1509959935722 with initial instances count: 1
2017-11-06 17:18:55.742  INFO 1224 --- [main] o.s.c.n.e.s.EurekaServiceRegistry        : Registering application admin-api with eureka with status UP
2017-11-06 17:18:55.744  INFO 1224 --- [main] com.netflix.discovery.DiscoveryClient    : Saw local status change event StatusChangeEvent [timestamp=1509959935744, current=UP, previous=STARTING]
2017-11-06 17:18:55.746  INFO 1224 --- [DiscoveryClient-InstanceInfoReplicator-0] com.netflix.discovery.DiscoveryClient    : DiscoveryClient_ADMIN-API/DESKTOP-EVDHOQG:admin-api:8080: registering service...
2017-11-06 17:18:55.779  INFO 1224 --- [DiscoveryClient-InstanceInfoReplicator-0] com.netflix.discovery.DiscoveryClient    : DiscoveryClient_ADMIN-API/DESKTOP-EVDHOQG:admin-api:8080 - registration status: 204
2017-11-06 17:18:55.799  INFO 1224 --- [main] s.b.c.e.t.TomcatEmbeddedServletContainer : Tomcat started on port(s): 8080 (http)
2017-11-06 17:18:55.801  INFO 1224 --- [main] .s.c.n.e.s.EurekaAutoServiceRegistration : Updating port to 8080
2017-11-06 17:18:55.804  INFO 1224 --- [main] org.ice.backend.bkapi.BkApiApplication   : Started BkApiApplication in 8.957 seconds (JVM running for 9.991)
2017-11-06 17:19:25.069  INFO 1224 --- [http-nio-8080-exec-3] o.a.c.c.C.[Tomcat].[localhost].[/api/j]  : Initializing Spring FrameworkServlet 'dispatcherServlet'
2017-11-06 17:19:25.070  INFO 1224 --- [http-nio-8080-exec-3] o.s.web.servlet.DispatcherServlet        : FrameworkServlet 'dispatcherServlet': initialization started
2017-11-06 17:19:25.097  INFO 1224 --- [http-nio-8080-exec-3] o.s.web.servlet.DispatcherServlet        : FrameworkServlet 'dispatcherServlet': initialization completed in 26 ms
2017-11-06 17:23:55.616  INFO 1224 --- [AsyncResolver-bootstrap-executor-0] c.n.d.s.r.aws.ConfigClusterResolver      : Resolving eureka endpoints via configuration
2017-11-06 17:28:55.619  INFO 1224 --- [AsyncResolver-bootstrap-executor-0] c.n.d.s.r.aws.ConfigClusterResolver      : Resolving eureka endpoints via configuration
2017-11-06 17:33:55.622  INFO 1224 --- [AsyncResolver-bootstrap-executor-0] c.n.d.s.r.aws.ConfigClusterResolver      : Resolving eureka endpoints via configuration
2017-11-06 17:38:55.624  INFO 1224 --- [AsyncResolver-bootstrap-executor-0] c.n.d.s.r.aws.ConfigClusterResolver      : Resolving eureka endpoints via configuration
2017-11-06 17:41:58.123  INFO 2932 --- [main] s.c.a.AnnotationConfigApplicationContext : Refreshing org.springframework.context.annotation.AnnotationConfigApplicationContext@36b4fe2a: startup date [Mon Nov 06 17:41:58 CST 2017]; root of context hierarchy
2017-11-06 17:41:58.354  INFO 2932 --- [main] f.a.AutowiredAnnotationBeanPostProcessor : JSR-330 'javax.inject.Inject' annotation found and supported for autowiring
2017-11-06 17:41:58.400  INFO 2932 --- [main] trationDelegate$BeanPostProcessorChecker : Bean 'configurationPropertiesRebinderAutoConfiguration' of type [org.springframework.cloud.autoconfigure.ConfigurationPropertiesRebinderAutoConfiguration$$EnhancerBySpringCGLIB$$ecc658fb] is not eligible for getting processed by all BeanPostProcessors (for example: not eligible for auto-proxying)
2017-11-06 17:41:59.046  INFO 2932 --- [main] c.c.c.ConfigServicePropertySourceLocator : Fetching config from server at: http://localhost:8888/
2017-11-06 17:42:00.490  INFO 2932 --- [main] c.c.c.ConfigServicePropertySourceLocator : Located environment: name=admin-api, profiles=[dev], label=master, version=3789018a10f6df8308e3d7c32e6072ef31973c3e, state=null
2017-11-06 17:42:00.491  INFO 2932 --- [main] b.c.PropertySourceBootstrapConfiguration : Located property source: CompositePropertySource [name='configService', propertySources=[MapPropertySource {name='configClient'}, MapPropertySource {name='https://github.com/iceqiw/SpringDEMO/config/admin-api-dev.yml'}]]
2017-11-06 17:42:00.523  INFO 2932 --- [main] org.ice.backend.bkapi.BkApiApplication   : No active profile set, falling back to default profiles: default
2017-11-06 17:42:00.533  INFO 2932 --- [main] ationConfigEmbeddedWebApplicationContext : Refreshing org.springframework.boot.context.embedded.AnnotationConfigEmbeddedWebApplicationContext@5dd91bca: startup date [Mon Nov 06 17:42:00 CST 2017]; parent: org.springframework.context.annotation.AnnotationConfigApplicationContext@36b4fe2a
2017-11-06 17:42:01.244  INFO 2932 --- [main] o.s.cloud.context.scope.GenericScope     : BeanFactory id=3c5d4358-5bd4-3dca-8db5-6eb01369df6b
2017-11-06 17:42:01.261  INFO 2932 --- [main] f.a.AutowiredAnnotationBeanPostProcessor : JSR-330 'javax.inject.Inject' annotation found and supported for autowiring
2017-11-06 17:42:01.353  INFO 2932 --- [main] trationDelegate$BeanPostProcessorChecker : Bean 'org.springframework.transaction.annotation.ProxyTransactionManagementConfiguration' of type [org.springframework.transaction.annotation.ProxyTransactionManagementConfiguration$$EnhancerBySpringCGLIB$$d0ac55fe] is not eligible for getting processed by all BeanPostProcessors (for example: not eligible for auto-proxying)
2017-11-06 17:42:01.376  INFO 2932 --- [main] trationDelegate$BeanPostProcessorChecker : Bean 'org.springframework.cloud.autoconfigure.ConfigurationPropertiesRebinderAutoConfiguration' of type [org.springframework.cloud.autoconfigure.ConfigurationPropertiesRebinderAutoConfiguration$$EnhancerBySpringCGLIB$$ecc658fb] is not eligible for getting processed by all BeanPostProcessors (for example: not eligible for auto-proxying)
2017-11-06 17:42:01.645  INFO 2932 --- [main] s.b.c.e.t.TomcatEmbeddedServletContainer : Tomcat initialized with port(s): 8080 (http)
2017-11-06 17:42:01.654  INFO 2932 --- [main] o.apache.catalina.core.StandardService   : Starting service [Tomcat]
2017-11-06 17:42:01.656  INFO 2932 --- [main] org.apache.catalina.core.StandardEngine  : Starting Servlet Engine: Apache Tomcat/8.5.23
2017-11-06 17:42:01.793  INFO 2932 --- [localhost-startStop-1] o.a.c.c.C.[Tomcat].[localhost].[/api/j]  : Initializing Spring embedded WebApplicationContext
2017-11-06 17:42:01.794  INFO 2932 --- [localhost-startStop-1] o.s.web.context.ContextLoader            : Root WebApplicationContext: initialization completed in 1261 ms
2017-11-06 17:42:01.938  INFO 2932 --- [localhost-startStop-1] o.s.b.w.servlet.ServletRegistrationBean  : Mapping servlet: 'dispatcherServlet' to [/]
2017-11-06 17:42:01.944  INFO 2932 --- [localhost-startStop-1] o.s.b.w.servlet.FilterRegistrationBean   : Mapping filter: 'characterEncodingFilter' to: [/*]
2017-11-06 17:42:01.945  INFO 2932 --- [localhost-startStop-1] o.s.b.w.servlet.FilterRegistrationBean   : Mapping filter: 'hiddenHttpMethodFilter' to: [/*]
2017-11-06 17:42:01.945  INFO 2932 --- [localhost-startStop-1] o.s.b.w.servlet.FilterRegistrationBean   : Mapping filter: 'httpPutFormContentFilter' to: [/*]
2017-11-06 17:42:01.945  INFO 2932 --- [localhost-startStop-1] o.s.b.w.servlet.FilterRegistrationBean   : Mapping filter: 'requestContextFilter' to: [/*]
2017-11-06 17:42:02.366  INFO 2932 --- [main] j.LocalContainerEntityManagerFactoryBean : Building JPA container EntityManagerFactory for persistence unit 'default'
2017-11-06 17:42:02.393  INFO 2932 --- [main] o.hibernate.jpa.internal.util.LogHelper  : HHH000204: Processing PersistenceUnitInfo [
	name: default
	...]
2017-11-06 17:42:02.451  INFO 2932 --- [main] org.hibernate.Version                    : HHH000412: Hibernate Core {5.0.12.Final}
2017-11-06 17:42:02.452  INFO 2932 --- [main] org.hibernate.cfg.Environment            : HHH000206: hibernate.properties not found
2017-11-06 17:42:02.453  INFO 2932 --- [main] org.hibernate.cfg.Environment            : HHH000021: Bytecode provider name : javassist
2017-11-06 17:42:02.489  INFO 2932 --- [main] o.hibernate.annotations.common.Version   : HCANN000001: Hibernate Commons Annotations {5.0.1.Final}
2017-11-06 17:42:02.690  INFO 2932 --- [main] org.hibernate.dialect.Dialect            : HHH000400: Using dialect: org.hibernate.dialect.MySQLDialect
2017-11-06 17:42:02.989  INFO 2932 --- [main] j.LocalContainerEntityManagerFactoryBean : Initialized JPA EntityManagerFactory for persistence unit 'default'
2017-11-06 17:42:03.162  INFO 2932 --- [main] o.h.h.i.QueryTranslatorFactoryInitiator  : HHH000397: Using ASTQueryTranslatorFactory
2017-11-06 17:42:03.761  WARN 2932 --- [main] c.n.c.sources.URLConfigurationSource     : No URLs will be polled as dynamic configuration sources.
2017-11-06 17:42:03.762  INFO 2932 --- [main] c.n.c.sources.URLConfigurationSource     : To enable URLs as dynamic configuration sources, define System property archaius.configurationSource.additionalUrls or make config.properties available on classpath.
2017-11-06 17:42:03.766  WARN 2932 --- [main] c.n.c.sources.URLConfigurationSource     : No URLs will be polled as dynamic configuration sources.
2017-11-06 17:42:03.766  INFO 2932 --- [main] c.n.c.sources.URLConfigurationSource     : To enable URLs as dynamic configuration sources, define System property archaius.configurationSource.additionalUrls or make config.properties available on classpath.
2017-11-06 17:42:03.966  INFO 2932 --- [main] s.w.s.m.m.a.RequestMappingHandlerAdapter : Looking for @ControllerAdvice: org.springframework.boot.context.embedded.AnnotationConfigEmbeddedWebApplicationContext@5dd91bca: startup date [Mon Nov 06 17:42:00 CST 2017]; parent: org.springframework.context.annotation.AnnotationConfigApplicationContext@36b4fe2a
2017-11-06 17:42:04.035  INFO 2932 --- [main] s.w.s.m.m.a.RequestMappingHandlerMapping : Mapped "{[/trainSearch/add],methods=[POST]}" onto public org.ice.server.api.common.apicommon.vo.ResponseMsg org.ice.backend.bkapi.service.TrainCfgServiceImpl.add(org.ice.backend.bkapi.dao.model.TrainCfg)
2017-11-06 17:42:04.036  INFO 2932 --- [main] s.w.s.m.m.a.RequestMappingHandlerMapping : Mapped "{[/trainSearch/test],methods=[GET]}" onto public java.lang.String org.ice.backend.bkapi.service.TrainCfgServiceImpl.test()
2017-11-06 17:42:04.037  INFO 2932 --- [main] s.w.s.m.m.a.RequestMappingHandlerMapping : Mapped "{[/trainSearch/page],methods=[GET]}" onto public java.util.List<org.ice.backend.bkapi.dao.model.TrainCfg> org.ice.backend.bkapi.service.TrainCfgServiceImpl.page()
2017-11-06 17:42:04.038  INFO 2932 --- [main] s.w.s.m.m.a.RequestMappingHandlerMapping : Mapped "{[/trainSearch/del/{id}],methods=[DELETE]}" onto public org.ice.server.api.common.apicommon.vo.ResponseMsg org.ice.backend.bkapi.service.TrainCfgServiceImpl.del(java.lang.Long)
2017-11-06 17:42:04.038  INFO 2932 --- [main] s.w.s.m.m.a.RequestMappingHandlerMapping : Mapped "{[/trainSearch/getOne],methods=[GET]}" onto public org.ice.backend.bkapi.dao.model.TrainCfg org.ice.backend.bkapi.service.TrainCfgServiceImpl.findById(java.lang.Long)
2017-11-06 17:42:04.038  INFO 2932 --- [main] s.w.s.m.m.a.RequestMappingHandlerMapping : Mapped "{[/trainSearch/edit],methods=[PUT]}" onto public org.ice.server.api.common.apicommon.vo.ResponseMsg org.ice.backend.bkapi.service.TrainCfgServiceImpl.edit(org.ice.backend.bkapi.dao.model.TrainCfg)
2017-11-06 17:42:04.041  INFO 2932 --- [main] s.w.s.m.m.a.RequestMappingHandlerMapping : Mapped "{[/error]}" onto public org.springframework.http.ResponseEntity<java.util.Map<java.lang.String, java.lang.Object>> org.springframework.boot.autoconfigure.web.BasicErrorController.error(javax.servlet.http.HttpServletRequest)
2017-11-06 17:42:04.041  INFO 2932 --- [main] s.w.s.m.m.a.RequestMappingHandlerMapping : Mapped "{[/error],produces=[text/html]}" onto public org.springframework.web.servlet.ModelAndView org.springframework.boot.autoconfigure.web.BasicErrorController.errorHtml(javax.servlet.http.HttpServletRequest,javax.servlet.http.HttpServletResponse)
2017-11-06 17:42:04.067  INFO 2932 --- [main] o.s.w.s.handler.SimpleUrlHandlerMapping  : Mapped URL path [/webjars/**] onto handler of type [class org.springframework.web.servlet.resource.ResourceHttpRequestHandler]
2017-11-06 17:42:04.067  INFO 2932 --- [main] o.s.w.s.handler.SimpleUrlHandlerMapping  : Mapped URL path [/**] onto handler of type [class org.springframework.web.servlet.resource.ResourceHttpRequestHandler]
2017-11-06 17:42:04.103  INFO 2932 --- [main] o.s.w.s.handler.SimpleUrlHandlerMapping  : Mapped URL path [/**/favicon.ico] onto handler of type [class org.springframework.web.servlet.resource.ResourceHttpRequestHandler]
2017-11-06 17:42:04.552  INFO 2932 --- [main] o.s.j.e.a.AnnotationMBeanExporter        : Registering beans for JMX exposure on startup
2017-11-06 17:42:04.559  INFO 2932 --- [main] o.s.j.e.a.AnnotationMBeanExporter        : Bean with name 'environmentManager' has been autodetected for JMX exposure
2017-11-06 17:42:04.561  INFO 2932 --- [main] o.s.j.e.a.AnnotationMBeanExporter        : Bean with name 'configurationPropertiesRebinder' has been autodetected for JMX exposure
2017-11-06 17:42:04.562  INFO 2932 --- [main] o.s.j.e.a.AnnotationMBeanExporter        : Bean with name 'refreshScope' has been autodetected for JMX exposure
2017-11-06 17:42:04.564  INFO 2932 --- [main] o.s.j.e.a.AnnotationMBeanExporter        : Located managed bean 'environmentManager': registering with JMX server as MBean [org.springframework.cloud.context.environment:name=environmentManager,type=EnvironmentManager]
2017-11-06 17:42:04.574  INFO 2932 --- [main] o.s.j.e.a.AnnotationMBeanExporter        : Located managed bean 'refreshScope': registering with JMX server as MBean [org.springframework.cloud.context.scope.refresh:name=refreshScope,type=RefreshScope]
2017-11-06 17:42:04.584  INFO 2932 --- [main] o.s.j.e.a.AnnotationMBeanExporter        : Located managed bean 'configurationPropertiesRebinder': registering with JMX server as MBean [org.springframework.cloud.context.properties:name=configurationPropertiesRebinder,context=5dd91bca,type=ConfigurationPropertiesRebinder]
2017-11-06 17:42:04.766  INFO 2932 --- [main] o.s.c.support.DefaultLifecycleProcessor  : Starting beans in phase 0
2017-11-06 17:42:04.779  INFO 2932 --- [main] o.s.c.n.eureka.InstanceInfoFactory       : Setting initial instance status as: STARTING
2017-11-06 17:42:04.832  INFO 2932 --- [main] com.netflix.discovery.DiscoveryClient    : Initializing Eureka in region us-east-1
2017-11-06 17:42:05.182  INFO 2932 --- [main] c.n.d.provider.DiscoveryJerseyProvider   : Using JSON encoding codec LegacyJacksonJson
2017-11-06 17:42:05.182  INFO 2932 --- [main] c.n.d.provider.DiscoveryJerseyProvider   : Using JSON decoding codec LegacyJacksonJson
2017-11-06 17:42:05.260  INFO 2932 --- [main] c.n.d.provider.DiscoveryJerseyProvider   : Using XML encoding codec XStreamXml
2017-11-06 17:42:05.260  INFO 2932 --- [main] c.n.d.provider.DiscoveryJerseyProvider   : Using XML decoding codec XStreamXml
2017-11-06 17:42:05.419  INFO 2932 --- [main] c.n.d.s.r.aws.ConfigClusterResolver      : Resolving eureka endpoints via configuration
2017-11-06 17:42:05.595  INFO 2932 --- [main] com.netflix.discovery.DiscoveryClient    : Disable delta property : false
2017-11-06 17:42:05.596  INFO 2932 --- [main] com.netflix.discovery.DiscoveryClient    : Single vip registry refresh property : null
2017-11-06 17:42:05.596  INFO 2932 --- [main] com.netflix.discovery.DiscoveryClient    : Force full registry fetch : false
2017-11-06 17:42:05.596  INFO 2932 --- [main] com.netflix.discovery.DiscoveryClient    : Application is null : false
2017-11-06 17:42:05.597  INFO 2932 --- [main] com.netflix.discovery.DiscoveryClient    : Registered Applications size is zero : true
2017-11-06 17:42:05.597  INFO 2932 --- [main] com.netflix.discovery.DiscoveryClient    : Application version is -1: true
2017-11-06 17:42:05.597  INFO 2932 --- [main] com.netflix.discovery.DiscoveryClient    : Getting all instance registry info from the eureka server
2017-11-06 17:42:05.710  INFO 2932 --- [main] com.netflix.discovery.DiscoveryClient    : The response status is 200
2017-11-06 17:42:05.713  INFO 2932 --- [main] com.netflix.discovery.DiscoveryClient    : Starting heartbeat executor: renew interval is: 30
2017-11-06 17:42:05.715  INFO 2932 --- [main] c.n.discovery.InstanceInfoReplicator     : InstanceInfoReplicator onDemand update allowed rate per min is 4
2017-11-06 17:42:05.718  INFO 2932 --- [main] com.netflix.discovery.DiscoveryClient    : Discovery Client initialized at timestamp 1509961325718 with initial instances count: 3
2017-11-06 17:42:05.737  INFO 2932 --- [main] o.s.c.n.e.s.EurekaServiceRegistry        : Registering application admin-api with eureka with status UP
2017-11-06 17:42:05.739  INFO 2932 --- [main] com.netflix.discovery.DiscoveryClient    : Saw local status change event StatusChangeEvent [timestamp=1509961325739, current=UP, previous=STARTING]
2017-11-06 17:42:05.740  INFO 2932 --- [DiscoveryClient-InstanceInfoReplicator-0] com.netflix.discovery.DiscoveryClient    : DiscoveryClient_ADMIN-API/DESKTOP-EVDHOQG:admin-api:8080: registering service...
2017-11-06 17:42:05.774  INFO 2932 --- [DiscoveryClient-InstanceInfoReplicator-0] com.netflix.discovery.DiscoveryClient    : DiscoveryClient_ADMIN-API/DESKTOP-EVDHOQG:admin-api:8080 - registration status: 204
2017-11-06 17:42:05.797  INFO 2932 --- [main] s.b.c.e.t.TomcatEmbeddedServletContainer : Tomcat started on port(s): 8080 (http)
2017-11-06 17:42:05.798  INFO 2932 --- [main] .s.c.n.e.s.EurekaAutoServiceRegistration : Updating port to 8080
2017-11-06 17:42:05.801  INFO 2932 --- [main] org.ice.backend.bkapi.BkApiApplication   : Started BkApiApplication in 8.622 seconds (JVM running for 9.699)
2017-11-06 17:42:34.116  INFO 6212 --- [main] s.c.a.AnnotationConfigApplicationContext : Refreshing org.springframework.context.annotation.AnnotationConfigApplicationContext@36b4fe2a: startup date [Mon Nov 06 17:42:34 CST 2017]; root of context hierarchy
2017-11-06 17:42:34.366  INFO 6212 --- [main] f.a.AutowiredAnnotationBeanPostProcessor : JSR-330 'javax.inject.Inject' annotation found and supported for autowiring
2017-11-06 17:42:34.409  INFO 6212 --- [main] trationDelegate$BeanPostProcessorChecker : Bean 'configurationPropertiesRebinderAutoConfiguration' of type [org.springframework.cloud.autoconfigure.ConfigurationPropertiesRebinderAutoConfiguration$$EnhancerBySpringCGLIB$$ecc658fb] is not eligible for getting processed by all BeanPostProcessors (for example: not eligible for auto-proxying)
2017-11-06 17:42:35.040  INFO 6212 --- [main] c.c.c.ConfigServicePropertySourceLocator : Fetching config from server at: http://localhost:8888/
2017-11-06 17:42:36.300  INFO 6212 --- [main] c.c.c.ConfigServicePropertySourceLocator : Located environment: name=admin-api, profiles=[dev], label=master, version=3789018a10f6df8308e3d7c32e6072ef31973c3e, state=null
2017-11-06 17:42:36.301  INFO 6212 --- [main] b.c.PropertySourceBootstrapConfiguration : Located property source: CompositePropertySource [name='configService', propertySources=[MapPropertySource {name='configClient'}, MapPropertySource {name='https://github.com/iceqiw/SpringDEMO/config/admin-api-dev.yml'}]]
2017-11-06 17:42:36.330  INFO 6212 --- [main] org.ice.backend.bkapi.BkApiApplication   : No active profile set, falling back to default profiles: default
2017-11-06 17:42:36.340  INFO 6212 --- [main] ationConfigEmbeddedWebApplicationContext : Refreshing org.springframework.boot.context.embedded.AnnotationConfigEmbeddedWebApplicationContext@5dd91bca: startup date [Mon Nov 06 17:42:36 CST 2017]; parent: org.springframework.context.annotation.AnnotationConfigApplicationContext@36b4fe2a
2017-11-06 17:42:37.052  INFO 6212 --- [main] o.s.cloud.context.scope.GenericScope     : BeanFactory id=3c5d4358-5bd4-3dca-8db5-6eb01369df6b
2017-11-06 17:42:37.068  INFO 6212 --- [main] f.a.AutowiredAnnotationBeanPostProcessor : JSR-330 'javax.inject.Inject' annotation found and supported for autowiring
2017-11-06 17:42:37.162  INFO 6212 --- [main] trationDelegate$BeanPostProcessorChecker : Bean 'org.springframework.transaction.annotation.ProxyTransactionManagementConfiguration' of type [org.springframework.transaction.annotation.ProxyTransactionManagementConfiguration$$EnhancerBySpringCGLIB$$d0ac55fe] is not eligible for getting processed by all BeanPostProcessors (for example: not eligible for auto-proxying)
2017-11-06 17:42:37.186  INFO 6212 --- [main] trationDelegate$BeanPostProcessorChecker : Bean 'org.springframework.cloud.autoconfigure.ConfigurationPropertiesRebinderAutoConfiguration' of type [org.springframework.cloud.autoconfigure.ConfigurationPropertiesRebinderAutoConfiguration$$EnhancerBySpringCGLIB$$ecc658fb] is not eligible for getting processed by all BeanPostProcessors (for example: not eligible for auto-proxying)
2017-11-06 17:42:37.434  INFO 6212 --- [main] s.b.c.e.t.TomcatEmbeddedServletContainer : Tomcat initialized with port(s): 8080 (http)
2017-11-06 17:42:37.443  INFO 6212 --- [main] o.apache.catalina.core.StandardService   : Starting service [Tomcat]
2017-11-06 17:42:37.445  INFO 6212 --- [main] org.apache.catalina.core.StandardEngine  : Starting Servlet Engine: Apache Tomcat/8.5.23
2017-11-06 17:42:37.579  INFO 6212 --- [localhost-startStop-1] o.a.c.c.C.[Tomcat].[localhost].[/api/j]  : Initializing Spring embedded WebApplicationContext
2017-11-06 17:42:37.579  INFO 6212 --- [localhost-startStop-1] o.s.web.context.ContextLoader            : Root WebApplicationContext: initialization completed in 1239 ms
2017-11-06 17:42:37.732  INFO 6212 --- [localhost-startStop-1] o.s.b.w.servlet.ServletRegistrationBean  : Mapping servlet: 'dispatcherServlet' to [/]
2017-11-06 17:42:37.738  INFO 6212 --- [localhost-startStop-1] o.s.b.w.servlet.FilterRegistrationBean   : Mapping filter: 'characterEncodingFilter' to: [/*]
2017-11-06 17:42:37.738  INFO 6212 --- [localhost-startStop-1] o.s.b.w.servlet.FilterRegistrationBean   : Mapping filter: 'hiddenHttpMethodFilter' to: [/*]
2017-11-06 17:42:37.738  INFO 6212 --- [localhost-startStop-1] o.s.b.w.servlet.FilterRegistrationBean   : Mapping filter: 'httpPutFormContentFilter' to: [/*]
2017-11-06 17:42:37.738  INFO 6212 --- [localhost-startStop-1] o.s.b.w.servlet.FilterRegistrationBean   : Mapping filter: 'requestContextFilter' to: [/*]
2017-11-06 17:42:38.147  INFO 6212 --- [main] j.LocalContainerEntityManagerFactoryBean : Building JPA container EntityManagerFactory for persistence unit 'default'
2017-11-06 17:42:38.158  INFO 6212 --- [main] o.hibernate.jpa.internal.util.LogHelper  : HHH000204: Processing PersistenceUnitInfo [
	name: default
	...]
2017-11-06 17:42:38.232  INFO 6212 --- [main] org.hibernate.Version                    : HHH000412: Hibernate Core {5.0.12.Final}
2017-11-06 17:42:38.233  INFO 6212 --- [main] org.hibernate.cfg.Environment            : HHH000206: hibernate.properties not found
2017-11-06 17:42:38.234  INFO 6212 --- [main] org.hibernate.cfg.Environment            : HHH000021: Bytecode provider name : javassist
2017-11-06 17:42:38.272  INFO 6212 --- [main] o.hibernate.annotations.common.Version   : HCANN000001: Hibernate Commons Annotations {5.0.1.Final}
2017-11-06 17:42:38.465  INFO 6212 --- [main] org.hibernate.dialect.Dialect            : HHH000400: Using dialect: org.hibernate.dialect.MySQLDialect
2017-11-06 17:42:38.852  INFO 6212 --- [main] j.LocalContainerEntityManagerFactoryBean : Initialized JPA EntityManagerFactory for persistence unit 'default'
2017-11-06 17:42:39.147  INFO 6212 --- [main] o.h.h.i.QueryTranslatorFactoryInitiator  : HHH000397: Using ASTQueryTranslatorFactory
2017-11-06 17:42:39.770  WARN 6212 --- [main] c.n.c.sources.URLConfigurationSource     : No URLs will be polled as dynamic configuration sources.
2017-11-06 17:42:39.771  INFO 6212 --- [main] c.n.c.sources.URLConfigurationSource     : To enable URLs as dynamic configuration sources, define System property archaius.configurationSource.additionalUrls or make config.properties available on classpath.
2017-11-06 17:42:39.775  WARN 6212 --- [main] c.n.c.sources.URLConfigurationSource     : No URLs will be polled as dynamic configuration sources.
2017-11-06 17:42:39.776  INFO 6212 --- [main] c.n.c.sources.URLConfigurationSource     : To enable URLs as dynamic configuration sources, define System property archaius.configurationSource.additionalUrls or make config.properties available on classpath.
2017-11-06 17:42:39.991  INFO 6212 --- [main] s.w.s.m.m.a.RequestMappingHandlerAdapter : Looking for @ControllerAdvice: org.springframework.boot.context.embedded.AnnotationConfigEmbeddedWebApplicationContext@5dd91bca: startup date [Mon Nov 06 17:42:36 CST 2017]; parent: org.springframework.context.annotation.AnnotationConfigApplicationContext@36b4fe2a
2017-11-06 17:42:40.057  INFO 6212 --- [main] s.w.s.m.m.a.RequestMappingHandlerMapping : Mapped "{[/trainSearch/add],methods=[POST]}" onto public org.ice.server.api.common.apicommon.vo.ResponseMsg org.ice.backend.bkapi.service.TrainCfgServiceImpl.add(org.ice.backend.bkapi.dao.model.TrainCfg)
2017-11-06 17:42:40.058  INFO 6212 --- [main] s.w.s.m.m.a.RequestMappingHandlerMapping : Mapped "{[/trainSearch/test],methods=[GET]}" onto public java.lang.String org.ice.backend.bkapi.service.TrainCfgServiceImpl.test()
2017-11-06 17:42:40.060  INFO 6212 --- [main] s.w.s.m.m.a.RequestMappingHandlerMapping : Mapped "{[/trainSearch/page],methods=[GET]}" onto public java.util.List<org.ice.backend.bkapi.dao.model.TrainCfg> org.ice.backend.bkapi.service.TrainCfgServiceImpl.page()
2017-11-06 17:42:40.060  INFO 6212 --- [main] s.w.s.m.m.a.RequestMappingHandlerMapping : Mapped "{[/trainSearch/getOne],methods=[GET]}" onto public org.ice.backend.bkapi.dao.model.TrainCfg org.ice.backend.bkapi.service.TrainCfgServiceImpl.findById(java.lang.Long)
2017-11-06 17:42:40.060  INFO 6212 --- [main] s.w.s.m.m.a.RequestMappingHandlerMapping : Mapped "{[/trainSearch/del/{id}],methods=[DELETE]}" onto public org.ice.server.api.common.apicommon.vo.ResponseMsg org.ice.backend.bkapi.service.TrainCfgServiceImpl.del(java.lang.Long)
2017-11-06 17:42:40.061  INFO 6212 --- [main] s.w.s.m.m.a.RequestMappingHandlerMapping : Mapped "{[/trainSearch/edit],methods=[PUT]}" onto public org.ice.server.api.common.apicommon.vo.ResponseMsg org.ice.backend.bkapi.service.TrainCfgServiceImpl.edit(org.ice.backend.bkapi.dao.model.TrainCfg)
2017-11-06 17:42:40.063  INFO 6212 --- [main] s.w.s.m.m.a.RequestMappingHandlerMapping : Mapped "{[/error]}" onto public org.springframework.http.ResponseEntity<java.util.Map<java.lang.String, java.lang.Object>> org.springframework.boot.autoconfigure.web.BasicErrorController.error(javax.servlet.http.HttpServletRequest)
2017-11-06 17:42:40.064  INFO 6212 --- [main] s.w.s.m.m.a.RequestMappingHandlerMapping : Mapped "{[/error],produces=[text/html]}" onto public org.springframework.web.servlet.ModelAndView org.springframework.boot.autoconfigure.web.BasicErrorController.errorHtml(javax.servlet.http.HttpServletRequest,javax.servlet.http.HttpServletResponse)
2017-11-06 17:42:40.094  INFO 6212 --- [main] o.s.w.s.handler.SimpleUrlHandlerMapping  : Mapped URL path [/webjars/**] onto handler of type [class org.springframework.web.servlet.resource.ResourceHttpRequestHandler]
2017-11-06 17:42:40.094  INFO 6212 --- [main] o.s.w.s.handler.SimpleUrlHandlerMapping  : Mapped URL path [/**] onto handler of type [class org.springframework.web.servlet.resource.ResourceHttpRequestHandler]
2017-11-06 17:42:40.134  INFO 6212 --- [main] o.s.w.s.handler.SimpleUrlHandlerMapping  : Mapped URL path [/**/favicon.ico] onto handler of type [class org.springframework.web.servlet.resource.ResourceHttpRequestHandler]
2017-11-06 17:42:40.571  INFO 6212 --- [main] o.s.j.e.a.AnnotationMBeanExporter        : Registering beans for JMX exposure on startup
2017-11-06 17:42:40.578  INFO 6212 --- [main] o.s.j.e.a.AnnotationMBeanExporter        : Bean with name 'environmentManager' has been autodetected for JMX exposure
2017-11-06 17:42:40.579  INFO 6212 --- [main] o.s.j.e.a.AnnotationMBeanExporter        : Bean with name 'configurationPropertiesRebinder' has been autodetected for JMX exposure
2017-11-06 17:42:40.580  INFO 6212 --- [main] o.s.j.e.a.AnnotationMBeanExporter        : Bean with name 'refreshScope' has been autodetected for JMX exposure
2017-11-06 17:42:40.583  INFO 6212 --- [main] o.s.j.e.a.AnnotationMBeanExporter        : Located managed bean 'environmentManager': registering with JMX server as MBean [org.springframework.cloud.context.environment:name=environmentManager,type=EnvironmentManager]
2017-11-06 17:42:40.594  INFO 6212 --- [main] o.s.j.e.a.AnnotationMBeanExporter        : Located managed bean 'refreshScope': registering with JMX server as MBean [org.springframework.cloud.context.scope.refresh:name=refreshScope,type=RefreshScope]
2017-11-06 17:42:40.604  INFO 6212 --- [main] o.s.j.e.a.AnnotationMBeanExporter        : Located managed bean 'configurationPropertiesRebinder': registering with JMX server as MBean [org.springframework.cloud.context.properties:name=configurationPropertiesRebinder,context=5dd91bca,type=ConfigurationPropertiesRebinder]
2017-11-06 17:42:40.775  INFO 6212 --- [main] o.s.c.support.DefaultLifecycleProcessor  : Starting beans in phase 0
2017-11-06 17:42:40.784  INFO 6212 --- [main] o.s.c.n.eureka.InstanceInfoFactory       : Setting initial instance status as: STARTING
2017-11-06 17:42:40.821  INFO 6212 --- [main] com.netflix.discovery.DiscoveryClient    : Initializing Eureka in region us-east-1
2017-11-06 17:42:41.171  INFO 6212 --- [main] c.n.d.provider.DiscoveryJerseyProvider   : Using JSON encoding codec LegacyJacksonJson
2017-11-06 17:42:41.171  INFO 6212 --- [main] c.n.d.provider.DiscoveryJerseyProvider   : Using JSON decoding codec LegacyJacksonJson
2017-11-06 17:42:41.250  INFO 6212 --- [main] c.n.d.provider.DiscoveryJerseyProvider   : Using XML encoding codec XStreamXml
2017-11-06 17:42:41.250  INFO 6212 --- [main] c.n.d.provider.DiscoveryJerseyProvider   : Using XML decoding codec XStreamXml
2017-11-06 17:42:41.408  INFO 6212 --- [main] c.n.d.s.r.aws.ConfigClusterResolver      : Resolving eureka endpoints via configuration
2017-11-06 17:42:41.578  INFO 6212 --- [main] com.netflix.discovery.DiscoveryClient    : Disable delta property : false
2017-11-06 17:42:41.578  INFO 6212 --- [main] com.netflix.discovery.DiscoveryClient    : Single vip registry refresh property : null
2017-11-06 17:42:41.579  INFO 6212 --- [main] com.netflix.discovery.DiscoveryClient    : Force full registry fetch : false
2017-11-06 17:42:41.579  INFO 6212 --- [main] com.netflix.discovery.DiscoveryClient    : Application is null : false
2017-11-06 17:42:41.580  INFO 6212 --- [main] com.netflix.discovery.DiscoveryClient    : Registered Applications size is zero : true
2017-11-06 17:42:41.580  INFO 6212 --- [main] com.netflix.discovery.DiscoveryClient    : Application version is -1: true
2017-11-06 17:42:41.580  INFO 6212 --- [main] com.netflix.discovery.DiscoveryClient    : Getting all instance registry info from the eureka server
2017-11-06 17:42:41.695  INFO 6212 --- [main] com.netflix.discovery.DiscoveryClient    : The response status is 200
2017-11-06 17:42:41.697  INFO 6212 --- [main] com.netflix.discovery.DiscoveryClient    : Starting heartbeat executor: renew interval is: 30
2017-11-06 17:42:41.700  INFO 6212 --- [main] c.n.discovery.InstanceInfoReplicator     : InstanceInfoReplicator onDemand update allowed rate per min is 4
2017-11-06 17:42:41.703  INFO 6212 --- [main] com.netflix.discovery.DiscoveryClient    : Discovery Client initialized at timestamp 1509961361703 with initial instances count: 3
2017-11-06 17:42:41.724  INFO 6212 --- [main] o.s.c.n.e.s.EurekaServiceRegistry        : Registering application admin-api with eureka with status UP
2017-11-06 17:42:41.724  INFO 6212 --- [main] com.netflix.discovery.DiscoveryClient    : Saw local status change event StatusChangeEvent [timestamp=1509961361724, current=UP, previous=STARTING]
2017-11-06 17:42:41.726  INFO 6212 --- [DiscoveryClient-InstanceInfoReplicator-0] com.netflix.discovery.DiscoveryClient    : DiscoveryClient_ADMIN-API/DESKTOP-EVDHOQG:admin-api:8080: registering service...
2017-11-06 17:42:41.762  INFO 6212 --- [DiscoveryClient-InstanceInfoReplicator-0] com.netflix.discovery.DiscoveryClient    : DiscoveryClient_ADMIN-API/DESKTOP-EVDHOQG:admin-api:8080 - registration status: 204
2017-11-06 17:42:41.788  INFO 6212 --- [main] s.b.c.e.t.TomcatEmbeddedServletContainer : Tomcat started on port(s): 8080 (http)
2017-11-06 17:42:41.790  INFO 6212 --- [main] .s.c.n.e.s.EurekaAutoServiceRegistration : Updating port to 8080
2017-11-06 17:42:41.793  INFO 6212 --- [main] org.ice.backend.bkapi.BkApiApplication   : Started BkApiApplication in 8.641 seconds (JVM running for 9.7)
2017-11-06 17:45:14.105  INFO 6212 --- [http-nio-8080-exec-5] o.a.c.c.C.[Tomcat].[localhost].[/api/j]  : Initializing Spring FrameworkServlet 'dispatcherServlet'
2017-11-06 17:45:14.106  INFO 6212 --- [http-nio-8080-exec-5] o.s.web.servlet.DispatcherServlet        : FrameworkServlet 'dispatcherServlet': initialization started
2017-11-06 17:45:14.131  INFO 6212 --- [http-nio-8080-exec-5] o.s.web.servlet.DispatcherServlet        : FrameworkServlet 'dispatcherServlet': initialization completed in 24 ms
2017-11-06 17:47:41.584  INFO 6212 --- [AsyncResolver-bootstrap-executor-0] c.n.d.s.r.aws.ConfigClusterResolver      : Resolving eureka endpoints via configuration
